<?xml version="1.0" encoding="UTF-8"?>
<!-- Generated by org.testng.reporters.JUnitReportReporter -->
<testsuite hostname="DESKTOP-FF4UI2E" failures="0" tests="1" name="com.es.testCases.ExecutableTest" time="10.502" errors="0" timestamp="19 Aug 2019 11:16:27 GMT">
  <testcase classname="com.es.testCases.ExecutableTest" name="Login" time="10.502"/>
</testsuite> <!-- com.es.testCases.ExecutableTest -->
