<?xml version="1.0" encoding="UTF-8"?>
<!-- Generated by org.testng.reporters.JUnitReportReporter -->
<testsuite hostname="DESKTOP-BBSVORR" failures="0" tests="1" name="com.epsilon.testCases.ExecutableTest" time="62.888" errors="0" timestamp="16 Aug 2019 11:55:50 GMT">
  <testcase classname="com.epsilon.testCases.ExecutableTest" name="LoginAndSearchProfile" time="62.888"/>
</testsuite> <!-- com.epsilon.testCases.ExecutableTest -->
