<?xml version="1.0" encoding="UTF-8"?>
<!-- Generated by org.testng.reporters.JUnitReportReporter -->
<testsuite hostname="DESKTOP-FF4UI2E" failures="0" tests="2" name="com.stepIn.testCases.TestCase1" time="0.020" errors="0" timestamp="20 Aug 2019 07:14:36 GMT">
  <testcase classname="com.stepIn.testCases.TestCase1" name="teststep2" time="0.002"/>
  <testcase classname="com.stepIn.testCases.TestCase1" name="teststep1" time="0.018"/>
</testsuite> <!-- com.stepIn.testCases.TestCase1 -->
